生成启动时间为 2020/1/14 10:44:04。
     1>项目“C:\Users\Joker DU\Documents\Visual Studio 2010\Projects\寒假学习\prin_scan\prin_scan\prin_scan.vcxproj”在节点 2 上(build 个目标)。
     1>InitializeBuildStatus:
         正在创建“Debug\prin_scan.unsuccessfulbuild”，因为已指定“AlwaysCreate”。
       ClCompile:
         c:\Program Files (x86)\Microsoft Visual Studio 10.0\VC\bin\CL.exe /c /ZI /nologo /W3 /WX- /Od /Oy- /D WIN32 /D _DEBUG /D _CONSOLE /D _UNICODE /D UNICODE /Gm /EHsc /RTC1 /MDd /GS /fp:precise /Zc:wchar_t /Zc:forScope /Fo"Debug\\" /Fd"Debug\vc100.pdb" /Gd /TP /analyze- /errorReport:prompt prin_scan.cpp
         prin_scan.cpp
     1>c:\users\joker du\documents\visual studio 2010\projects\寒假学习\prin_scan\prin_scan\prin_scan.cpp(7): warning C4305: “初始化”: 从“double”到“float”截断
     1>c:\users\joker du\documents\visual studio 2010\projects\寒假学习\prin_scan\prin_scan\prin_scan.cpp(22): warning C4996: 'scanf': This function or variable may be unsafe. Consider using scanf_s instead. To disable deprecation, use _CRT_SECURE_NO_WARNINGS. See online help for details.
                 c:\program files (x86)\microsoft visual studio 10.0\vc\include\stdio.h(304) : 参见“scanf”的声明
       ManifestResourceCompile:
         所有输出均为最新。
       Link:
         c:\Program Files (x86)\Microsoft Visual Studio 10.0\VC\bin\link.exe /ERRORREPORT:PROMPT /OUT:"C:\Users\Joker DU\Documents\Visual Studio 2010\Projects\寒假学习\prin_scan\Debug\prin_scan.exe" /INCREMENTAL /NOLOGO kernel32.lib user32.lib gdi32.lib winspool.lib comdlg32.lib advapi32.lib shell32.lib ole32.lib oleaut32.lib uuid.lib odbc32.lib odbccp32.lib /MANIFEST /ManifestFile:"Debug\prin_scan.exe.intermediate.manifest" /MANIFESTUAC:"level='asInvoker' uiAccess='false'" /DEBUG /PDB:"C:\Users\Joker DU\Documents\Visual Studio 2010\Projects\寒假学习\prin_scan\Debug\prin_scan.pdb" /SUBSYSTEM:CONSOLE /TLBID:1 /DYNAMICBASE /NXCOMPAT /IMPLIB:"C:\Users\Joker DU\Documents\Visual Studio 2010\Projects\寒假学习\prin_scan\Debug\prin_scan.lib" /MACHINE:X86 Debug\prin_scan.exe.embed.manifest.res
         Debug\prin_scan.obj
       Manifest:
         c:\Program Files (x86)\Microsoft SDKs\Windows\v7.0A\bin\mt.exe /nologo /verbose /out:"Debug\prin_scan.exe.embed.manifest" /manifest Debug\prin_scan.exe.intermediate.manifest
         所有输出均为最新。
       LinkEmbedManifest:
         所有输出均为最新。
         prin_scan.vcxproj -> C:\Users\Joker DU\Documents\Visual Studio 2010\Projects\寒假学习\prin_scan\Debug\prin_scan.exe
       FinalizeBuildStatus:
         正在删除文件“Debug\prin_scan.unsuccessfulbuild”。
         正在对“Debug\prin_scan.lastbuildstate”执行 Touch 任务。
     1>已完成生成项目“C:\Users\Joker DU\Documents\Visual Studio 2010\Projects\寒假学习\prin_scan\prin_scan\prin_scan.vcxproj”(build 个目标)的操作。

生成成功。

已用时间 00:00:00.77
